Jul 25 22:40 : player: played "Billboard Hot 100 Singles Chart (03.03.2018) Mp3 (320kbps) [Hunter]/Billboard Hot 100 Singles Chart (03.03.2018)/06. Post Malone (feat. 21 Savage) - rockstar.mp3"
Jul 25 22:41 : exception: OutputThread could not get realtime scheduling, continuing anyway: sched_setscheduler failed: Operation not permitted
Jul 25 22:41 : exception: OutputThread could not get realtime scheduling, continuing anyway: sched_setscheduler failed: Operation not permitted
Jul 25 22:41 : exception: bind to '0.0.0.0:8000' failed (continuing anyway, because binding to '[::]:8000' succeeded): Failed to bind socket: Address already in use
Jul 25 22:41 : update: added postmalone_bestoff/Post Malone 'That's It' - Live on SKEE TV (Debut Television Performance) - (205s) [NA].mp3
Jul 25 22:41 : update: added postmalone_bestoff/Post Malone - Fuck ft. Jeremih (August 26) - (215s) [NA].mp3
Jul 25 22:41 : update: added postmalone_bestoff/Spoil My Night by Post Malone - (191s) [NA].mp3
Jul 25 22:41 : update: added postmalone_bestoff/Post Malone - 92 explorer Bass Boosted (HQ) - (197s) [NA].mp3
Jul 25 22:41 : update: added postmalone_bestoff/Post Malone - Psycho ft. Ty Dolla $ign (Tribute Cover Artwork) - (237s) [NA].mp3
Jul 25 22:41 : update: added postmalone_bestoff/Post Malone - White Iverson - (284s) [NA].mp3
Jul 25 22:41 : update: added postmalone_bestoff/Post Malone - Same Bitches FT G Eazy & YG Bass Boosted (HQ) - (200s) [NA].mp3
Jul 25 22:41 : update: added postmalone_bestoff/Post Malone - Candy Paint (The Fate of the Furious - The Album) [OFFICIAL AUDIO] - (229s) [NA].mp3
Jul 25 22:41 : update: added postmalone_bestoff/Post Malone - Monte (feat Lil Yachty) _ @wxxds1994 - (245s) [NA].mp3
Jul 25 22:41 : update: added postmalone_bestoff/Post Malone - I Fall Apart (Live From The Bud Light x Post Malone Dive Bar Tour Nashville) - (297s) [NA].mp3
Jul 25 22:41 : update: added postmalone_bestoff/Post Malone - Go Flex - (212s) [NA].mp3
Jul 25 22:41 : update: added postmalone_bestoff/Post Malone - God Damn (feat 1st) _ @wxxds1994 - (190s) [NA].mp3
Jul 25 22:41 : update: added postmalone_bestoff/Post Malone - Congratulations ft. Quavo - (227s) [NA].mp3
Jul 25 22:41 : update: added postmalone_bestoff/Post Malone - Psycho ft. Ty Dolla $ign - (237s) [NA].mp3
Jul 25 22:41 : update: added postmalone_bestoff/Hit This Hard - Post Malone - (249s) [NA].mp3
Jul 25 22:41 : update: added postmalone_bestoff/Deja Vu- Post Malone ft. Justin Bieber (official audio) - (235s) [NA].mp3
Jul 25 22:41 : update: added postmalone_bestoff/Post Malone - Over Now (LuxLyfe Remix) - (277s) [NA].mp3
Jul 25 22:41 : update: added postmalone_bestoff/Post Malone - No Option - (177s) [NA].mp3
Jul 25 22:41 : update: added postmalone_bestoff/Post Malone - Big Lie (Music Video) - (209s) [NA].mp3
Jul 25 22:41 : update: added postmalone_bestoff/14 Yours Truly, Austin Post - (219s) [NA].mp3
Jul 25 22:41 : update: added postmalone_bestoff/Post Malone - Feeling Whitney (Stoney Album) - (258s) [NA].mp3
Jul 25 22:41 : update: added postmalone_bestoff/Post Malone - All Alone Ft. Tory Lanez (lyrics) - (210s) [NA].mp3
Jul 25 22:41 : update: added postmalone_bestoff/post malone - stay (xo sad cover) - (189s) [NA].mp3
Jul 25 22:41 : update: added postmalone_bestoff/Lil Uzi Vert x Post Malone x Mac Miller - Cameras (Music Video) - (235s) [NA].mp3
Jul 25 22:41 : update: added postmalone_bestoff/Post Malone - Money Made Me Do It (Live From The Bud Light x Post Malone Dive Bar Tour Nashville) - (267s) [NA].mp3
Jul 25 22:41 : update: added postmalone_bestoff/Post Malone - TEAR$ (Lyric) - (244s) [NA].mp3
Jul 25 22:41 : update: added postmalone_bestoff/Post Malone  - Feel feat Kehlani (Stoney Album) - (197s) [NA].mp3
Jul 25 22:41 : update: added postmalone_bestoff/Post Malone - Never Understand ft. Larry June (August 26) - (272s) [NA].mp3
Jul 25 22:41 : update: added postmalone_bestoff/POST MALONE - ZACK AND CODEINE_LYRICS VIDEO - (177s) [NA].mp3
Jul 25 22:41 : update: added postmalone_bestoff/Post Malone - Oh God (Live From Jimmy Kimmel Live!) - (211s) [NA].mp3
Jul 25 22:41 : update: added postmalone_bestoff/Post Malone covers Kanye West 'Heartless' for 1Xtra Mc Month - (298s) [NA].mp3
Jul 25 22:41 : update: added postmalone_bestoff/Post Malone - rockstar ft. 21 Savage - (242s) [NA].mp3
Jul 25 22:41 : update: added postmalone_bestoff/Post Malone - Too Young - (237s) [NA].mp3
Jul 25 22:41 : update: added postmalone_bestoff/Post Malone- Blame It On Me - (229s) [NA].mp3
Jul 25 22:41 : update: added postmalone_bestoff/08 Post Malone - Hollywood Dreams Come Down (Fleetwood Mac Cover) (Prod. FKi 1st & Louis Bell) - (302s) [NA].mp3
Jul 25 22:41 : update: added postmalone_bestoff/Post Malone - Git Wit U (Instrumental) - (144s) [NA].mp3
Jul 25 22:41 : update: added postmalone_bestoff/FKi 1st & Post Malone - The Meaning (Official Music Video) - (207s) [NA].mp3
Jul 25 22:41 : update: added postmalone_bestoff/Post Malone - Better Now (lyrics) - (200s) [NA].mp3
Jul 25 22:41 : update: added postmalone_bestoff/Post Malone - Patient - (199s) [NA].mp3
Jul 25 22:41 : update: added postmalone_bestoff/Post Malone - Paranoid (Lyrics) - (196s) [NA].mp3
Jul 25 22:41 : update: added postmalone_bestoff/Post Malone - Lonely ft. Jaden Smith & Téo - (255s) [NA].mp3
Jul 25 22:41 : update: added postmalone_bestoff/5  Cold - (269s) [NA].mp3
Jul 25 22:41 : update: added postmalone_bestoff/Post Malone - 40 Funk - (261s) [NA].mp3
Jul 25 22:41 : update: added postmalone_bestoff/Post Malone - Holyfield Lyrics 🔥 - (260s) [NA].mp3
Jul 25 22:41 : update: added postmalone_bestoff/Leave - Post Malone - (325s) [NA].mp3
Jul 25 22:41 : update: added postmalone_bestoff/Post Malone - Rich And Sad (Lyrics) - (201s) [NA].mp3
Jul 25 22:41 : update: added postmalone_bestoff/POST MALONE - Broken Whiskey Glass - - (240s) [NA].mp3
Jul 25 22:41 : update: added postmalone_bestoff/Post Malone - Up there - (182s) [NA].mp3
Jul 25 22:41 : update: added postmalone_bestoff/Post Malone - What's Up (Open Till L8 Remix) - (183s) [NA].mp3
Jul 25 22:41 : update: added juice_WRLD/Juice WRLD - Long Gone (Official Audio) - (187s) [NA].mp3
Jul 25 22:41 : update: added juice_WRLD/Juice WRLD - I'm Still (Official Audio) - (193s) [NA].mp3
Jul 25 22:41 : update: added juice_WRLD/Juice WRLD 'Moonlight' (Official Audio) - (179s) [NA].mp3
Jul 25 22:41 : update: added juice_WRLD/Juice WRLD 'Autograph (On My Line)' (Official Audio) - (228s) [NA].mp3
Jul 25 22:41 : update: added juice_WRLD/Juice WRLD 'My Fault' (Official Audio) - (223s) [NA].mp3
Jul 25 22:41 : update: added juice_WRLD/Juice WRLD - 'Rich And Blind' (Official Audio) - (228s) [NA].mp3
Jul 25 22:41 : update: added juice_WRLD/Juice WRLD - Intro (Official Audio) - (75s) [NA].mp3
Jul 25 22:41 : update: added juice_WRLD/Juice WRLD 'All Girls Are The Same' (Official Audio) - (170s) [NA].mp3
Jul 25 22:41 : update: added juice_WRLD/Juice WRLD - Karma (Skit) (Official Audio) - (75s) [NA].mp3
Jul 25 22:41 : update: added juice_WRLD/Juice WRLD - 'Legends' (Official Audio) - (191s) [NA].mp3
Jul 25 22:41 : update: added juice_WRLD/Juice WRLD 'Rainbow' (Official Audio) - (236s) [NA].mp3
Jul 25 22:41 : update: added juice_WRLD/Juice WRLD - End Of The Road (Official Audio) - (163s) [NA].mp3
Jul 25 22:41 : update: added juice_WRLD/Juice WRLD - Hurt Me (Official Audio) - (123s) [NA].mp3
Jul 25 22:41 : update: added juice_WRLD/Juice WRLD 'Lost Her' (Official Audio) - (192s) [NA].mp3
Jul 25 22:41 : update: added juice_WRLD/Juice WRLD - Betrayal (Skit) (Official Audio) - (64s) [NA].mp3
Jul 25 22:41 : update: added juice_WRLD/Juice WRLD - Candles (Official Audio) - (184s) [NA].mp3
Jul 25 22:41 : update: added juice_WRLD/Juice WRLD 'Let Me Know (I Wonder Why Freestyle)' (Official Audio) - (216s) [NA].mp3
Jul 25 22:41 : update: added juice_WRLD/Juice WRLD - I'll Be Fine (Official Audio) - (245s) [NA].mp3
Jul 25 22:41 : update: added juice_WRLD/Juice WRLD 'On My Mind' (Official Audio) - (277s) [NA].mp3
Jul 25 22:41 : update: added juice_WRLD/Juice WRLD 'Sticks & Stones' (Official Audio) - (123s) [NA].mp3
Jul 25 22:41 : update: added juice_WRLD/Juice WRLD - Black & White (Official Audio) - (187s) [NA].mp3
Jul 25 22:41 : update: added juice_WRLD/Juice WRLD 'YOUDONTLOVEME' (Official Audio) - (157s) [NA].mp3
Jul 25 22:41 : update: added juice_WRLD/Juice WRLD 'Lucid Dreams (Forget Me)' (Official Audio) - (251s) [NA].mp3
Jul 25 22:41 : update: added juice_WRLD/Juice WRLD  'My X Was Poison'  (Official Audio) - (274s) [NA].mp3
Jul 25 22:41 : update: added juice_WRLD/Juice WRLD - Lean With Me (Official Audio) - (176s) [NA].mp3
Jul 25 22:41 : update: added juice_WRLD/Juice WRLD - Scared Of Love (Official Audio) - (171s) [NA].mp3
Jul 25 22:41 : update: added juice_WRLD/Juice WRLD 'Paranoid' (Official Audio) - (159s) [NA].mp3
Jul 25 22:41 : update: added juice_WRLD/Juice WRLD 'Until It's Over' (Official Audio) - (217s) [NA].mp3
Jul 25 22:41 : update: added juice_WRLD/Juice WRLD 'Eye Contact (Look Me In My Eyes)' (Official Audio) - (201s) [NA].mp3
Jul 25 22:41 : update: added juice_WRLD/Juice WRLD - Old Me (Official Audio) - (184s) [NA].mp3
Jul 25 22:41 : update: added juice_WRLD/Juice WRLD - Used To (Official Audio) - (177s) [NA].mp3
Jul 25 22:41 : update: added juice_WRLD/Juice WRLD 'Two Cups (Everything's Going My Way)' (Official Audio) - (152s) [NA].mp3
Jul 25 22:41 : update: added Billboard Hot 100 Singles Chart (03.03.2018) Mp3 (320kbps) [Hunter]/Billboard Hot 100 Singles Chart (03.03.2018)/93. Daniel Caesar - Get You (feat. Kali Uchis).mp3
Jul 25 22:41 : update: added Billboard Hot 100 Singles Chart (03.03.2018) Mp3 (320kbps) [Hunter]/Billboard Hot 100 Singles Chart (03.03.2018)/47. Lil Pump - Gucci Gang.mp3
Jul 25 22:41 : update: added Billboard Hot 100 Singles Chart (03.03.2018) Mp3 (320kbps) [Hunter]/Billboard Hot 100 Singles Chart (03.03.2018)/58. Marshmello & Anne-Marie - FRIENDS.mp3
Jul 25 22:41 : update: added Billboard Hot 100 Singles Chart (03.03.2018) Mp3 (320kbps) [Hunter]/Billboard Hot 100 Singles Chart (03.03.2018)/74. YoungBoy Never Broke Again - No Smoke.mp3
Jul 25 22:41 : update: added Billboard Hot 100 Singles Chart (03.03.2018) Mp3 (320kbps) [Hunter]/Billboard Hot 100 Singles Chart (03.03.2018)/11. Dua Lipa - New Rules.mp3
Jul 25 22:41 : update: added Billboard Hot 100 Singles Chart (03.03.2018) Mp3 (320kbps) [Hunter]/Billboard Hot 100 Singles Chart (03.03.2018)/75. Derez DeShon - Hardaway.mp3
Jul 25 22:41 : update: added Billboard Hot 100 Singles Chart (03.03.2018) Mp3 (320kbps) [Hunter]/Billboard Hot 100 Singles Chart (03.03.2018)/21. Charlie Puth - How Long.mp3
Jul 25 22:41 : update: added Billboard Hot 100 Singles Chart (03.03.2018) Mp3 (320kbps) [Hunter]/Billboard Hot 100 Singles Chart (03.03.2018)/61. Famous Dex - Famous Dex Ft. A$AP Rocky - Pick It Up.mp3
Jul 25 22:41 : update: added Billboard Hot 100 Singles Chart (03.03.2018) Mp3 (320kbps) [Hunter]/Billboard Hot 100 Singles Chart (03.03.2018)/91. Taylor Swift - End Game (feat. Ed Sheeran & Future).mp3
Jul 25 22:41 : update: added Billboard Hot 100 Singles Chart (03.03.2018) Mp3 (320kbps) [Hunter]/Billboard Hot 100 Singles Chart (03.03.2018)/71. Demi Lovato - Tell Me You Love Me.mp3
Jul 25 22:41 : update: added Billboard Hot 100 Singles Chart (03.03.2018) Mp3 (320kbps) [Hunter]/Billboard Hot 100 Singles Chart (03.03.2018)/17. Halsey - Bad At Love.mp3
Jul 25 22:41 : update: added Billboard Hot 100 Singles Chart (03.03.2018) Mp3 (320kbps) [Hunter]/Billboard Hot 100 Singles Chart (03.03.2018)/81. P!nk - Beautiful Trauma.mp3
Jul 25 22:41 : update: added Billboard Hot 100 Singles Chart (03.03.2018) Mp3 (320kbps) [Hunter]/Billboard Hot 100 Singles Chart (03.03.2018)/84. Post Malone - Candy Paint.mp3
Jul 25 22:41 : update: added Billboard Hot 100 Singles Chart (03.03.2018) Mp3 (320kbps) [Hunter]/Billboard Hot 100 Singles Chart (03.03.2018)/30. Justin Timberlake - Say Something (feat. Chris Stapleton).mp3
Jul 25 22:41 : update: added Billboard Hot 100 Singles Chart (03.03.2018) Mp3 (320kbps) [Hunter]/Billboard Hot 100 Singles Chart (03.03.2018)/49. Gucci Mane - I Get the Bag (feat. Migos).mp3
Jul 25 22:41 : update: added Billboard Hot 100 Singles Chart (03.03.2018) Mp3 (320kbps) [Hunter]/Billboard Hot 100 Singles Chart (03.03.2018)/85. Keala Settle & The Greatest - This Is Me.mp3
Jul 25 22:41 : update: added Billboard Hot 100 Singles Chart (03.03.2018) Mp3 (320kbps) [Hunter]/Billboard Hot 100 Singles Chart (03.03.2018)/51. Macklemore - Good Old Days (feat. Kesha).mp3
Jul 25 22:41 : update: added Billboard Hot 100 Singles Chart (03.03.2018) Mp3 (320kbps) [Hunter]/Billboard Hot 100 Singles Chart (03.03.2018)/02. Ed Sheeran - Perfect Duet (with Beyoncé).mp3
Jul 25 22:41 : update: added Billboard Hot 100 Singles Chart (03.03.2018) Mp3 (320kbps) [Hunter]/Billboard Hot 100 Singles Chart (03.03.2018)/82. 6ix9ine - Keke ft. Fetty Wap x A Boogie Wit Da Hoodie.mp3
Jul 25 22:41 : update: added Billboard Hot 100 Singles Chart (03.03.2018) Mp3 (320kbps) [Hunter]/Billboard Hot 100 Singles Chart (03.03.2018)/37. Miguel - Sky Walker (feat. Travis Scott).mp3
Jul 25 22:41 : update: added Billboard Hot 100 Singles Chart (03.03.2018) Mp3 (320kbps) [Hunter]/Billboard Hot 100 Singles Chart (03.03.2018)/87. Kelsea Ballerini - Legends.mp3
Jul 25 22:41 : update: added Billboard Hot 100 Singles Chart (03.03.2018) Mp3 (320kbps) [Hunter]/Billboard Hot 100 Singles Chart (03.03.2018)/26. Cardi B - Bartier Cardi (feat. 21 Savage).mp3
Jul 25 22:41 : update: added Billboard Hot 100 Singles Chart (03.03.2018) Mp3 (320kbps) [Hunter]/Billboard Hot 100 Singles Chart (03.03.2018)/39. Maroon 5 - Wait.mp3
Jul 25 22:41 : update: added Billboard Hot 100 Singles Chart (03.03.2018) Mp3 (320kbps) [Hunter]/Billboard Hot 100 Singles Chart (03.03.2018)/07. Kendrick Lamar & SZA - All The Stars.mp3
Jul 25 22:41 : update: added Billboard Hot 100 Singles Chart (03.03.2018) Mp3 (320kbps) [Hunter]/Billboard Hot 100 Singles Chart (03.03.2018)/23. Jay Rock - Kings Dead (feat. Kendrick Lamar & Future).mp3
Jul 25 22:41 : update: added Billboard Hot 100 Singles Chart (03.03.2018) Mp3 (320kbps) [Hunter]/Billboard Hot 100 Singles Chart (03.03.2018)/72. Ozuna - La Modelo (feat. Cardi B).mp3
Jul 25 22:41 : update: added Billboard Hot 100 Singles Chart (03.03.2018) Mp3 (320kbps) [Hunter]/Billboard Hot 100 Singles Chart (03.03.2018)/65. Sob X Rbe - Paramedic!.mp3
Jul 25 22:41 : update: added Billboard Hot 100 Singles Chart (03.03.2018) Mp3 (320kbps) [Hunter]/Billboard Hot 100 Singles Chart (03.03.2018)/19. Post Malone - I Fall Apart.mp3
Jul 25 22:41 : update: added Billboard Hot 100 Singles Chart (03.03.2018) Mp3 (320kbps) [Hunter]/Billboard Hot 100 Singles Chart (03.03.2018)/16. Imagine Dragons - Thunder.mp3
Jul 25 22:41 : update: added Billboard Hot 100 Singles Chart (03.03.2018) Mp3 (320kbps) [Hunter]/Billboard Hot 100 Singles Chart (03.03.2018)/70. Devin Dawson - All On Me.mp3
Jul 25 22:41 : update: added Billboard Hot 100 Singles Chart (03.03.2018) Mp3 (320kbps) [Hunter]/Billboard Hot 100 Singles Chart (03.03.2018)/22. Migos - Motor Sport (feat. Nicki Minaj & Cardi B).mp3
Jul 25 22:41 : update: added Billboard Hot 100 Singles Chart (03.03.2018) Mp3 (320kbps) [Hunter]/Billboard Hot 100 Singles Chart (03.03.2018)/77. Natti Natasha & Ozuna - Criminal.mp3
Jul 25 22:41 : update: added Billboard Hot 100 Singles Chart (03.03.2018) Mp3 (320kbps) [Hunter]/Billboard Hot 100 Singles Chart (03.03.2018)/06. Post Malone (feat. 21 Savage) - rockstar.mp3
Jul 25 22:41 : update: added Billboard Hot 100 Singles Chart (03.03.2018) Mp3 (320kbps) [Hunter]/Billboard Hot 100 Singles Chart (03.03.2018)/79. Tank - When We.mp3
Jul 25 22:41 : update: added Billboard Hot 100 Singles Chart (03.03.2018) Mp3 (320kbps) [Hunter]/Billboard Hot 100 Singles Chart (03.03.2018)/09. The Weeknd, Kendrick Lamar - Pray For Me.mp3
Jul 25 22:41 : update: added Billboard Hot 100 Singles Chart (03.03.2018) Mp3 (320kbps) [Hunter]/Billboard Hot 100 Singles Chart (03.03.2018)/63. Luke Bryan - Most People Are Good.mp3
Jul 25 22:41 : update: added Billboard Hot 100 Singles Chart (03.03.2018) Mp3 (320kbps) [Hunter]/Billboard Hot 100 Singles Chart (03.03.2018)/94. Maluma - Corazon (ft. Nego Do Borel).mp3
Jul 25 22:41 : update: added Billboard Hot 100 Singles Chart (03.03.2018) Mp3 (320kbps) [Hunter]/Billboard Hot 100 Singles Chart (03.03.2018)/64. Walker Hayes - You Broke Up with Me.mp3
Jul 25 22:41 : update: added Billboard Hot 100 Singles Chart (03.03.2018) Mp3 (320kbps) [Hunter]/Billboard Hot 100 Singles Chart (03.03.2018)/05. BlocBoy JB - Look Alive (feat. Drake).mp3
Jul 25 22:41 : update: added Billboard Hot 100 Singles Chart (03.03.2018) Mp3 (320kbps) [Hunter]/Billboard Hot 100 Singles Chart (03.03.2018)/27. G-Eazy - No Limit.mp3
Jul 25 22:41 : update: added Billboard Hot 100 Singles Chart (03.03.2018) Mp3 (320kbps) [Hunter]/Billboard Hot 100 Singles Chart (03.03.2018)/04. Camila Cabello - Havana (feat. Young Thug).mp3
Jul 25 22:41 : update: added Billboard Hot 100 Singles Chart (03.03.2018) Mp3 (320kbps) [Hunter]/Billboard Hot 100 Singles Chart (03.03.2018)/73. Lil Skies - Nowadays (feat. Landon Cube).mp3
Jul 25 22:41 : update: added Billboard Hot 100 Singles Chart (03.03.2018) Mp3 (320kbps) [Hunter]/Billboard Hot 100 Singles Chart (03.03.2018)/56. Ozuna Ft. Romeo Santos - El Farsante (Remix).mp3
Jul 25 22:41 : update: added Billboard Hot 100 Singles Chart (03.03.2018) Mp3 (320kbps) [Hunter]/Billboard Hot 100 Singles Chart (03.03.2018)/98. Walk The Moon - One Foot.mp3
Jul 25 22:41 : update: added Billboard Hot 100 Singles Chart (03.03.2018) Mp3 (320kbps) [Hunter]/Billboard Hot 100 Singles Chart (03.03.2018)/100. Becky G - Mayores.mp3
Jul 25 22:41 : update: added Billboard Hot 100 Singles Chart (03.03.2018) Mp3 (320kbps) [Hunter]/Billboard Hot 100 Singles Chart (03.03.2018)/45. Sam Smith - Too Good at Goodbyes.mp3
Jul 25 22:41 : update: added Billboard Hot 100 Singles Chart (03.03.2018) Mp3 (320kbps) [Hunter]/Billboard Hot 100 Singles Chart (03.03.2018)/08. Bebe Rexha - Meant to Be (with Florida Georgia Line).mp3
Jul 25 22:41 : update: added Billboard Hot 100 Singles Chart (03.03.2018) Mp3 (320kbps) [Hunter]/Billboard Hot 100 Singles Chart (03.03.2018)/80. Jordan Davis - Singles You Up.mp3
Jul 25 22:41 : update: added Billboard Hot 100 Singles Chart (03.03.2018) Mp3 (320kbps) [Hunter]/Billboard Hot 100 Singles Chart (03.03.2018)/68. Khalid, Swae Lee - The Ways.mp3
Jul 25 22:41 : update: added Billboard Hot 100 Singles Chart (03.03.2018) Mp3 (320kbps) [Hunter]/Billboard Hot 100 Singles Chart (03.03.2018)/13. Zedd, Maren Morris & Grey - The Middle.mp3
Jul 25 22:41 : update: added Billboard Hot 100 Singles Chart (03.03.2018) Mp3 (320kbps) [Hunter]/Billboard Hot 100 Singles Chart (03.03.2018)/25. 6ix9ine - Gummo.mp3
Jul 25 22:41 : update: added Billboard Hot 100 Singles Chart (03.03.2018) Mp3 (320kbps) [Hunter]/Billboard Hot 100 Singles Chart (03.03.2018)/99. Keith Urban - Female.mp3
Jul 25 22:41 : update: added Billboard Hot 100 Singles Chart (03.03.2018) Mp3 (320kbps) [Hunter]/Billboard Hot 100 Singles Chart (03.03.2018)/20. MAX  - Lights Down Low (Ft. Gnash).mp3
Jul 25 22:41 : update: added Billboard Hot 100 Singles Chart (03.03.2018) Mp3 (320kbps) [Hunter]/Billboard Hot 100 Singles Chart (03.03.2018)/32. Portugal. The Man - Feel It Still.mp3
Jul 25 22:41 : update: added Billboard Hot 100 Singles Chart (03.03.2018) Mp3 (320kbps) [Hunter]/Billboard Hot 100 Singles Chart (03.03.2018)/53. Chris Stapleton - Broken Halos.mp3
Jul 25 22:41 : update: added Billboard Hot 100 Singles Chart (03.03.2018) Mp3 (320kbps) [Hunter]/Billboard Hot 100 Singles Chart (03.03.2018)/44. Scotty Mccreery - Five More Minutes.mp3
Jul 25 22:41 : update: added Billboard Hot 100 Singles Chart (03.03.2018) Mp3 (320kbps) [Hunter]/Billboard Hot 100 Singles Chart (03.03.2018)/33. Cardi B - Bodak Yellow.mp3
Jul 25 22:41 : update: added Billboard Hot 100 Singles Chart (03.03.2018) Mp3 (320kbps) [Hunter]/Billboard Hot 100 Singles Chart (03.03.2018)/95. Plies - Rock.mp3
Jul 25 22:41 : update: added Billboard Hot 100 Singles Chart (03.03.2018) Mp3 (320kbps) [Hunter]/Billboard Hot 100 Singles Chart (03.03.2018)/67. Russell Dickerson - Yours.mp3
Jul 25 22:41 : update: added Billboard Hot 100 Singles Chart (03.03.2018) Mp3 (320kbps) [Hunter]/Billboard Hot 100 Singles Chart (03.03.2018)/15. Kendrick Lamar - LOVE. (FEAT. ZACARI.).mp3
Jul 25 22:41 : update: added Billboard Hot 100 Singles Chart (03.03.2018) Mp3 (320kbps) [Hunter]/Billboard Hot 100 Singles Chart (03.03.2018)/38. A$AP Ferg - Plain Jane.mp3
Jul 25 22:41 : update: added Billboard Hot 100 Singles Chart (03.03.2018) Mp3 (320kbps) [Hunter]/Billboard Hot 100 Singles Chart (03.03.2018)/86. Jacquees - At the Club (feat. DeJ Loaf).mp3
Jul 25 22:41 : update: added Billboard Hot 100 Singles Chart (03.03.2018) Mp3 (320kbps) [Hunter]/Billboard Hot 100 Singles Chart (03.03.2018)/52. Migos - Walk It Talk It (feat. Drake).mp3
Jul 25 22:41 : update: added Billboard Hot 100 Singles Chart (03.03.2018) Mp3 (320kbps) [Hunter]/Billboard Hot 100 Singles Chart (03.03.2018)/83. Kendrick Lamar, Travis Scott - Big Shot.mp3
Jul 25 22:41 : update: added Billboard Hot 100 Singles Chart (03.03.2018) Mp3 (320kbps) [Hunter]/Billboard Hot 100 Singles Chart (03.03.2018)/34. Eminem - River (feat. Ed Sheeran).mp3
Jul 25 22:41 : update: added Billboard Hot 100 Singles Chart (03.03.2018) Mp3 (320kbps) [Hunter]/Billboard Hot 100 Singles Chart (03.03.2018)/14. G-Eazy - Him & I.mp3
Jul 25 22:41 : update: added Billboard Hot 100 Singles Chart (03.03.2018) Mp3 (320kbps) [Hunter]/Billboard Hot 100 Singles Chart (03.03.2018)/78. Lil Skies - Red Roses (feat. Landon Cube).mp3
Jul 25 22:41 : update: added Billboard Hot 100 Singles Chart (03.03.2018) Mp3 (320kbps) [Hunter]/Billboard Hot 100 Singles Chart (03.03.2018)/89. Kodak Black - Codeine Dreaming (feat. Lil Wayne).mp3
Jul 25 22:41 : update: added Billboard Hot 100 Singles Chart (03.03.2018) Mp3 (320kbps) [Hunter]/Billboard Hot 100 Singles Chart (03.03.2018)/88. Migos - Notice Me (feat. Post Malone).mp3
Jul 25 22:41 : update: added Billboard Hot 100 Singles Chart (03.03.2018) Mp3 (320kbps) [Hunter]/Billboard Hot 100 Singles Chart (03.03.2018)/50. Hailee Steinfeld & Alesso - Let Me Go (feat. Florida Georgia Line & watt).mp3
Jul 25 22:41 : update: added Billboard Hot 100 Singles Chart (03.03.2018) Mp3 (320kbps) [Hunter]/Billboard Hot 100 Singles Chart (03.03.2018)/40. Offset & Metro Boomin - Ric Flair Drip.mp3
Jul 25 22:41 : update: added Billboard Hot 100 Singles Chart (03.03.2018) Mp3 (320kbps) [Hunter]/Billboard Hot 100 Singles Chart (03.03.2018)/24. Ed Sheeran - Shape Of You.mp3
Jul 25 22:41 : update: added Billboard Hot 100 Singles Chart (03.03.2018) Mp3 (320kbps) [Hunter]/Billboard Hot 100 Singles Chart (03.03.2018)/46. Rich The Kid feat. Kendrick Lamar - New Freezer.mp3
Jul 25 22:41 : update: added Billboard Hot 100 Singles Chart (03.03.2018) Mp3 (320kbps) [Hunter]/Billboard Hot 100 Singles Chart (03.03.2018)/28. Camila Cabello - Never Be the Same.mp3
Jul 25 22:41 : update: added Billboard Hot 100 Singles Chart (03.03.2018) Mp3 (320kbps) [Hunter]/Billboard Hot 100 Singles Chart (03.03.2018)/96. Dua Lipa - IDGAF.mp3
Jul 25 22:41 : update: added Billboard Hot 100 Singles Chart (03.03.2018) Mp3 (320kbps) [Hunter]/Billboard Hot 100 Singles Chart (03.03.2018)/62. Migos - Narcos.mp3
Jul 25 22:41 : update: added Billboard Hot 100 Singles Chart (03.03.2018) Mp3 (320kbps) [Hunter]/Billboard Hot 100 Singles Chart (03.03.2018)/43. Khalid & Normani - Love Lies.mp3
Jul 25 22:41 : update: added Billboard Hot 100 Singles Chart (03.03.2018) Mp3 (320kbps) [Hunter]/Billboard Hot 100 Singles Chart (03.03.2018)/03. Bruno Mars - Finesse (Remix) feat. Cardi B.mp3
Jul 25 22:41 : update: added Billboard Hot 100 Singles Chart (03.03.2018) Mp3 (320kbps) [Hunter]/Billboard Hot 100 Singles Chart (03.03.2018)/36. Thomas Rhett - Marry Me.mp3
Jul 25 22:41 : update: added Billboard Hot 100 Singles Chart (03.03.2018) Mp3 (320kbps) [Hunter]/Billboard Hot 100 Singles Chart (03.03.2018)/42. Jason Aldean - You Make It Easy.mp3
Jul 25 22:41 : update: added Billboard Hot 100 Singles Chart (03.03.2018) Mp3 (320kbps) [Hunter]/Billboard Hot 100 Singles Chart (03.03.2018)/35. YoungBoy Never Broke Again - Outside Today.mp3
Jul 25 22:41 : update: added Billboard Hot 100 Singles Chart (03.03.2018) Mp3 (320kbps) [Hunter]/Billboard Hot 100 Singles Chart (03.03.2018)/31. Khalid - Young Dumb & Broke.mp3
Jul 25 22:41 : update: added Billboard Hot 100 Singles Chart (03.03.2018) Mp3 (320kbps) [Hunter]/Billboard Hot 100 Singles Chart (03.03.2018)/57. Daddy Yankee - Dura.mp3
Jul 25 22:41 : update: added Billboard Hot 100 Singles Chart (03.03.2018) Mp3 (320kbps) [Hunter]/Billboard Hot 100 Singles Chart (03.03.2018)/10. Migos - Stir Fry.mp3
Jul 25 22:41 : update: added Billboard Hot 100 Singles Chart (03.03.2018) Mp3 (320kbps) [Hunter]/Billboard Hot 100 Singles Chart (03.03.2018)/29. Selena Gomez & Marshmello - Wolves.mp3
Jul 25 22:41 : update: added Billboard Hot 100 Singles Chart (03.03.2018) Mp3 (320kbps) [Hunter]/Billboard Hot 100 Singles Chart (03.03.2018)/01. Drake - God's Plan.mp3
Jul 25 22:41 : update: added Billboard Hot 100 Singles Chart (03.03.2018) Mp3 (320kbps) [Hunter]/Billboard Hot 100 Singles Chart (03.03.2018)/18. Bazzi - Mine.mp3
Jul 25 22:41 : update: added Billboard Hot 100 Singles Chart (03.03.2018) Mp3 (320kbps) [Hunter]/Billboard Hot 100 Singles Chart (03.03.2018)/55. ScHoolboy Q, 2 Chainz, Saudi - X.mp3
Jul 25 22:41 : update: added Billboard Hot 100 Singles Chart (03.03.2018) Mp3 (320kbps) [Hunter]/Billboard Hot 100 Singles Chart (03.03.2018)/97. YBN Nahmir - Rubbin off the Paint.mp3
Jul 25 22:41 : update: added Billboard Hot 100 Singles Chart (03.03.2018) Mp3 (320kbps) [Hunter]/Billboard Hot 100 Singles Chart (03.03.2018)/60. Imagine Dragons - Whatever It Takes.mp3
Jul 25 22:41 : update: added Billboard Hot 100 Singles Chart (03.03.2018) Mp3 (320kbps) [Hunter]/Billboard Hot 100 Singles Chart (03.03.2018)/12. NF - Let You Down.mp3
Jul 25 22:41 : update: added Billboard Hot 100 Singles Chart (03.03.2018) Mp3 (320kbps) [Hunter]/Billboard Hot 100 Singles Chart (03.03.2018)/54. Kane Brown - Heaven.mp3
Jul 25 22:41 : update: added Billboard Hot 100 Singles Chart (03.03.2018) Mp3 (320kbps) [Hunter]/Billboard Hot 100 Singles Chart (03.03.2018)/66. Lil Xan - Betrayed.mp3
Jul 25 22:41 : update: added Billboard Hot 100 Singles Chart (03.03.2018) Mp3 (320kbps) [Hunter]/Billboard Hot 100 Singles Chart (03.03.2018)/59. Old Dominion - Written in the Sand.mp3
Jul 25 22:41 : update: added Billboard Hot 100 Singles Chart (03.03.2018) Mp3 (320kbps) [Hunter]/Billboard Hot 100 Singles Chart (03.03.2018)/41. Demi Lovato - Sorry Not Sorry.mp3
Jul 25 22:41 : update: added Billboard Hot 100 Singles Chart (03.03.2018) Mp3 (320kbps) [Hunter]/Billboard Hot 100 Singles Chart (03.03.2018)/69. Rich The Kid - Plug Walk.mp3
Jul 25 22:41 : update: added Billboard Hot 100 Singles Chart (03.03.2018) Mp3 (320kbps) [Hunter]/Billboard Hot 100 Singles Chart (03.03.2018)/92. Liam Payne & Rita Ora - For You (Fifty Shades Freed).mp3
Jul 25 22:41 : update: added Billboard Hot 100 Singles Chart (03.03.2018) Mp3 (320kbps) [Hunter]/Billboard Hot 100 Singles Chart (03.03.2018)/48. N.E.R.D & Rihanna - Lemon.mp3
Jul 25 22:41 : update: added Billboard Hot 100 Singles Chart (03.03.2018) Mp3 (320kbps) [Hunter]/Billboard Hot 100 Singles Chart (03.03.2018)/90. Lauv - I Like Me Better.mp3
Jul 25 22:41 : update: added Billboard Hot 100 Singles Chart (03.03.2018) Mp3 (320kbps) [Hunter]/Billboard Hot 100 Singles Chart (03.03.2018)/76. Luis Fonsi & Demi Lovato - Échame La Culpa.mp3
Jul 25 22:41 : client: [0] opened from 127.0.0.1:37776
Jul 25 22:41 : exception: Failed to read mixer for 'Alsa': no such mixer control: PCM
Jul 25 22:42 : client: [0] closed
Jul 25 22:44 : client: [1] opened from [::1]:37348
Jul 25 22:44 : exception: Failed to open /home/booterror/.mpd/playlists: No such file or directory
Jul 25 22:45 : exception: OutputThread could not get realtime scheduling, continuing anyway: sched_setscheduler failed: Operation not permitted
ALSA lib pcm_dmix.c:1099:(snd_pcm_dmix_open) unable to open slave
Jul 25 22:45 : exception: Failed to open "Alsa" [alsa]
Jul 25 22:45 : exception: nested: Failed to open ALSA device "default": Device or resource busy
Jul 25 22:45 : exception: Failed to open /home/booterror/.mpd/playlists: No such file or directory
ALSA lib pcm_dmix.c:1099:(snd_pcm_dmix_open) unable to open slave
Jul 25 22:45 : exception: Failed to open "Alsa" [alsa]
Jul 25 22:45 : exception: nested: Failed to open ALSA device "default": Device or resource busy
ALSA lib pcm_dmix.c:1099:(snd_pcm_dmix_open) unable to open slave
Jul 25 22:46 : exception: Failed to open "Alsa" [alsa]
Jul 25 22:46 : exception: nested: Failed to open ALSA device "default": Device or resource busy
ALSA lib pcm_dmix.c:1099:(snd_pcm_dmix_open) unable to open slave
Jul 25 22:46 : exception: Failed to open "Alsa" [alsa]
Jul 25 22:46 : exception: nested: Failed to open ALSA device "default": Device or resource busy
ALSA lib pcm_dmix.c:1099:(snd_pcm_dmix_open) unable to open slave
Jul 25 22:46 : exception: Failed to open "Alsa" [alsa]
Jul 25 22:46 : exception: nested: Failed to open ALSA device "default": Device or resource busy
ALSA lib pcm_dmix.c:1099:(snd_pcm_dmix_open) unable to open slave
Jul 25 22:47 : exception: Failed to open "Alsa" [alsa]
Jul 25 22:47 : exception: nested: Failed to open ALSA device "default": Device or resource busy
Jul 25 22:47 : client: [1] closed
Jul 25 22:47 : client: [2] opened from [::1]:37350
ALSA lib pcm_dmix.c:1099:(snd_pcm_dmix_open) unable to open slave
Jul 25 22:48 : exception: Failed to open "Alsa" [alsa]
Jul 25 22:48 : exception: nested: Failed to open ALSA device "default": Device or resource busy
ALSA lib pcm_dmix.c:1099:(snd_pcm_dmix_open) unable to open slave
Jul 25 22:48 : exception: Failed to open "Alsa" [alsa]
Jul 25 22:48 : exception: nested: Failed to open ALSA device "default": Device or resource busy
ALSA lib pcm_dmix.c:1099:(snd_pcm_dmix_open) unable to open slave
Jul 25 22:48 : exception: Failed to open "Alsa" [alsa]
Jul 25 22:48 : exception: nested: Failed to open ALSA device "default": Device or resource busy
Jul 25 22:48 : client: [2] closed
Jul 26 03:06 : player: played "postmalone_bestoff/Post Malone - Candy Paint (The Fate of the Furious - The Album) [OFFICIAL AUDIO] - (229s) [NA].mp3"
Jul 26 10:35 : exception: OutputThread could not get realtime scheduling, continuing anyway: sched_setscheduler failed: Operation not permitted
Jul 26 10:35 : exception: OutputThread could not get realtime scheduling, continuing anyway: sched_setscheduler failed: Operation not permitted
Jul 26 10:35 : exception: bind to '0.0.0.0:8000' failed (continuing anyway, because binding to '[::]:8000' succeeded): Failed to bind socket: Address already in use
Jul 26 10:35 : client: [0] opened from 127.0.0.1:43754
Jul 26 10:35 : exception: Failed to read mixer for 'Alsa': no such mixer control: PCM
Jul 26 10:35 : client: [0] closed
Jul 26 10:35 : client: [1] opened from 127.0.0.1:43756
Jul 26 10:35 : client: [1] closed
Jul 26 10:37 : client: [2] opened from 127.0.0.1:43758
Jul 26 10:37 : client: [2] closed
Jul 26 10:39 : client: [3] opened from 127.0.0.1:43760
Jul 26 10:39 : client: [3] closed
Jul 26 10:40 : client: [4] opened from 127.0.0.1:43762
Jul 26 10:40 : client: [4] closed
Jul 26 10:40 : client: [5] opened from 127.0.0.1:43764
Jul 26 10:40 : client: [5] closed
Jul 26 10:42 : client: [6] opened from 127.0.0.1:43766
Jul 26 10:42 : client: [6] closed
Jul 26 10:59 : client: [7] opened from [::1]:35088
Jul 26 10:59 : exception: OutputThread could not get realtime scheduling, continuing anyway: sched_setscheduler failed: Operation not permitted
Jul 26 11:01 : client: [7] closed
Jul 26 11:07 : client: [8] opened from 127.0.0.1:43966
Jul 26 11:07 : client: [8] closed
Jul 26 12:44 : client: [9] opened from [::1]:60898
Jul 26 12:44 : client: [9] closed
Jul 26 12:47 : client: [10] opened from [::1]:34484
Jul 26 12:47 : client: [10] closed
Jul 26 15:26 : client: [11] opened from [::1]:60472
Jul 26 15:26 : client: [11] closed
Jul 26 15:26 : player: played "postmalone_bestoff/Post Malone - Candy Paint (The Fate of the Furious - The Album) [OFFICIAL AUDIO] - (229s) [NA].mp3"
Jul 26 15:26 : client: [12] opened from [::1]:60542
Jul 26 15:26 : client: [12] closed
Jul 26 16:08 : client: [13] opened from [::1]:36872
Jul 26 16:08 : client: [13] closed
Jul 26 16:11 : player: played "postmalone_bestoff/Post Malone - Congratulations ft. Quavo - (227s) [NA].mp3"
Jul 26 16:16 : player: played "juice_WRLD/Juice WRLD  'My X Was Poison'  (Official Audio) - (274s) [NA].mp3"
Jul 26 16:20 : player: played "postmalone_bestoff/Post Malone - Candy Paint (The Fate of the Furious - The Album) [OFFICIAL AUDIO] - (229s) [NA].mp3"
Jul 26 16:24 : player: played "juice_WRLD/Juice WRLD  'My X Was Poison'  (Official Audio) - (274s) [NA].mp3"
Jul 26 16:28 : player: played "postmalone_bestoff/Post Malone - Congratulations ft. Quavo - (227s) [NA].mp3"
Jul 26 16:32 : player: played "postmalone_bestoff/Post Malone - Congratulations ft. Quavo - (227s) [NA].mp3"
Jul 26 16:32 : client: [14] opened from [::1]:39574
Jul 26 16:32 : exception: Failed to open /home/booterror/.mpd/playlists: No such file or directory
Jul 26 16:33 : client: [15] opened from [::1]:39692
Jul 26 16:33 : client: [15] closed
Jul 26 16:35 : client: [16] opened from [::1]:39968
Jul 26 16:35 : client: [16] closed
Jul 26 16:38 : player: played "juice_WRLD/Juice WRLD - 'Rich And Blind' (Official Audio) - (228s) [NA].mp3"
Jul 26 16:42 : player: played "postmalone_bestoff/Post Malone - Candy Paint (The Fate of the Furious - The Album) [OFFICIAL AUDIO] - (229s) [NA].mp3"
Jul 26 16:45 : player: played "juice_WRLD/Juice WRLD - 'Legends' (Official Audio) - (191s) [NA].mp3"
Jul 26 16:49 : player: played "postmalone_bestoff/Post Malone - Candy Paint (The Fate of the Furious - The Album) [OFFICIAL AUDIO] - (229s) [NA].mp3"
Jul 26 16:53 : player: played "juice_WRLD/Juice WRLD - 'Rich And Blind' (Official Audio) - (228s) [NA].mp3"
Jul 26 16:57 : player: played "juice_WRLD/Juice WRLD  'My X Was Poison'  (Official Audio) - (274s) [NA].mp3"
Jul 26 17:01 : player: played "postmalone_bestoff/Post Malone - Congratulations ft. Quavo - (227s) [NA].mp3"
Jul 26 17:05 : player: played "postmalone_bestoff/Post Malone - Candy Paint (The Fate of the Furious - The Album) [OFFICIAL AUDIO] - (229s) [NA].mp3"
Jul 26 17:08 : player: played "juice_WRLD/Juice WRLD - 'Legends' (Official Audio) - (191s) [NA].mp3"
Jul 26 17:13 : player: played "juice_WRLD/Juice WRLD  'My X Was Poison'  (Official Audio) - (274s) [NA].mp3"
Jul 26 17:17 : player: played "postmalone_bestoff/Post Malone - Congratulations ft. Quavo - (227s) [NA].mp3"
Jul 26 17:20 : player: played "juice_WRLD/Juice WRLD - 'Rich And Blind' (Official Audio) - (228s) [NA].mp3"
Jul 26 17:24 : player: played "postmalone_bestoff/Post Malone - Candy Paint (The Fate of the Furious - The Album) [OFFICIAL AUDIO] - (229s) [NA].mp3"
Jul 26 17:28 : player: played "juice_WRLD/Juice WRLD - 'Rich And Blind' (Official Audio) - (228s) [NA].mp3"
Jul 26 17:31 : player: played "juice_WRLD/Juice WRLD - 'Legends' (Official Audio) - (191s) [NA].mp3"
Jul 26 17:36 : player: played "juice_WRLD/Juice WRLD  'My X Was Poison'  (Official Audio) - (274s) [NA].mp3"
Jul 26 17:40 : player: played "postmalone_bestoff/Post Malone - Congratulations ft. Quavo - (227s) [NA].mp3"
Jul 26 17:44 : player: played "juice_WRLD/Juice WRLD  'My X Was Poison'  (Official Audio) - (274s) [NA].mp3"
Jul 26 17:48 : player: played "postmalone_bestoff/Post Malone - Candy Paint (The Fate of the Furious - The Album) [OFFICIAL AUDIO] - (229s) [NA].mp3"
Jul 26 17:51 : player: played "juice_WRLD/Juice WRLD - 'Legends' (Official Audio) - (191s) [NA].mp3"
Jul 26 17:55 : player: played "juice_WRLD/Juice WRLD - 'Rich And Blind' (Official Audio) - (228s) [NA].mp3"
Jul 26 17:59 : player: played "postmalone_bestoff/Post Malone - Congratulations ft. Quavo - (227s) [NA].mp3"
Jul 26 18:02 : player: played "juice_WRLD/Juice WRLD - 'Legends' (Official Audio) - (191s) [NA].mp3"
Jul 26 18:06 : player: played "postmalone_bestoff/Post Malone - Congratulations ft. Quavo - (227s) [NA].mp3"
Jul 26 18:09 : player: played "juice_WRLD/Juice WRLD - 'Rich And Blind' (Official Audio) - (228s) [NA].mp3"
Jul 26 18:14 : player: played "juice_WRLD/Juice WRLD  'My X Was Poison'  (Official Audio) - (274s) [NA].mp3"
Jul 26 18:14 : client: [17] opened from [::1]:51154
Jul 26 18:14 : client: [17] closed
Jul 30 20:16 : client: [14] closed
Jul 30 20:17 : player: played "postmalone_bestoff/Post Malone - Candy Paint (The Fate of the Furious - The Album) [OFFICIAL AUDIO] - (229s) [NA].mp3"
Jul 30 20:19 : exception: OutputThread could not get realtime scheduling, continuing anyway: sched_setscheduler failed: Operation not permitted
Jul 30 20:19 : exception: OutputThread could not get realtime scheduling, continuing anyway: sched_setscheduler failed: Operation not permitted
Jul 30 20:19 : exception: bind to '0.0.0.0:8000' failed (continuing anyway, because binding to '[::]:8000' succeeded): Failed to bind socket: Address already in use
Jul 30 20:19 : client: [0] opened from 127.0.0.1:46886
Jul 30 20:19 : exception: Failed to read mixer for 'Alsa': no such mixer control: PCM
Jul 31 14:02 : client: [1] opened from [::1]:59768
Jul 31 14:02 : exception: OutputThread could not get realtime scheduling, continuing anyway: sched_setscheduler failed: Operation not permitted
Jul 31 14:05 : exception: Failed to open /home/booterror/.mpd/playlists: No such file or directory
ALSA lib pcm_dmix.c:1099:(snd_pcm_dmix_open) unable to open slave
Jul 31 14:05 : exception: Failed to open "Alsa" [alsa]
Jul 31 14:05 : exception: nested: Failed to open ALSA device "default": Device or resource busy
ALSA lib pcm_dmix.c:1099:(snd_pcm_dmix_open) unable to open slave
Jul 31 14:05 : exception: Failed to open "Alsa" [alsa]
Jul 31 14:05 : exception: nested: Failed to open ALSA device "default": Device or resource busy
ALSA lib pcm_dmix.c:1099:(snd_pcm_dmix_open) unable to open slave
Jul 31 14:05 : exception: Failed to open "Alsa" [alsa]
Jul 31 14:05 : exception: nested: Failed to open ALSA device "default": Device or resource busy
ALSA lib pcm_dmix.c:1099:(snd_pcm_dmix_open) unable to open slave
Jul 31 14:05 : exception: Failed to open "Alsa" [alsa]
Jul 31 14:05 : exception: nested: Failed to open ALSA device "default": Device or resource busy
ALSA lib pcm_dmix.c:1099:(snd_pcm_dmix_open) unable to open slave
Jul 31 14:05 : exception: Failed to open "Alsa" [alsa]
Jul 31 14:05 : exception: nested: Failed to open ALSA device "default": Device or resource busy
ALSA lib pcm_dmix.c:1099:(snd_pcm_dmix_open) unable to open slave
Jul 31 14:05 : exception: Failed to open "Alsa" [alsa]
Jul 31 14:05 : exception: nested: Failed to open ALSA device "default": Device or resource busy
ALSA lib pcm_dmix.c:1099:(snd_pcm_dmix_open) unable to open slave
Jul 31 14:06 : exception: Failed to open "Alsa" [alsa]
Jul 31 14:06 : exception: nested: Failed to open ALSA device "default": Device or resource busy
Jul 31 14:06 : exception: Failed to open /home/booterror/.mpd/playlists: No such file or directory
ALSA lib pcm_dmix.c:1099:(snd_pcm_dmix_open) unable to open slave
Jul 31 14:06 : exception: Failed to open "Alsa" [alsa]
Jul 31 14:06 : exception: nested: Failed to open ALSA device "default": Device or resource busy
Jul 31 14:08 : client: [1] closed
Jul 31 23:32 : player: played "Billboard Hot 100 Singles Chart (03.03.2018) Mp3 (320kbps) [Hunter]/Billboard Hot 100 Singles Chart (03.03.2018)/06. Post Malone (feat. 21 Savage) - rockstar.mp3"
Aug 01 13:12 : exception: OutputThread could not get realtime scheduling, continuing anyway: sched_setscheduler failed: Operation not permitted
Aug 01 13:12 : exception: OutputThread could not get realtime scheduling, continuing anyway: sched_setscheduler failed: Operation not permitted
Aug 01 13:12 : exception: bind to '0.0.0.0:8000' failed (continuing anyway, because binding to '[::]:8000' succeeded): Failed to bind socket: Address already in use
Aug 01 13:12 : client: [0] opened from 127.0.0.1:47506
Aug 01 13:12 : exception: Failed to read mixer for 'Alsa': no such mixer control: PCM
Aug 10 18:34 : player: played "Billboard Hot 100 Singles Chart (03.03.2018) Mp3 (320kbps) [Hunter]/Billboard Hot 100 Singles Chart (03.03.2018)/06. Post Malone (feat. 21 Savage) - rockstar.mp3"
Aug 13 18:01 : exception: OutputThread could not get realtime scheduling, continuing anyway: sched_setscheduler failed: Operation not permitted
Aug 13 18:01 : exception: OutputThread could not get realtime scheduling, continuing anyway: sched_setscheduler failed: Operation not permitted
Aug 13 18:01 : exception: bind to '0.0.0.0:8000' failed (continuing anyway, because binding to '[::]:8000' succeeded): Failed to bind socket: Address already in use
Aug 13 18:02 : client: [0] opened from 127.0.0.1:37220
Aug 13 18:02 : exception: Failed to read mixer for 'Alsa': no such mixer control: PCM
Aug 13 12:34 : client: [0] closed
Aug 13 18:04 : client: [1] opened from 127.0.0.1:34458
Aug 14 23:13 : client: [2] opened from [::1]:46608
Aug 14 23:13 : exception: OutputThread could not get realtime scheduling, continuing anyway: sched_setscheduler failed: Operation not permitted
Aug 14 23:13 : exception: Failed to open /home/booterror/.mpd/playlists: No such file or directory
Aug 14 23:39 : client: [2] closed
Aug 14 23:39 : client: [3] opened from [::1]:46658
ALSA lib pcm_dmix.c:1099:(snd_pcm_dmix_open) unable to open slave
Aug 15 00:20 : exception: Failed to open "Alsa" [alsa]
Aug 15 00:20 : exception: nested: Failed to open ALSA device "default": Device or resource busy
ALSA lib pcm_dmix.c:1099:(snd_pcm_dmix_open) unable to open slave
Aug 15 00:29 : exception: Failed to open "Alsa" [alsa]
Aug 15 00:29 : exception: nested: Failed to open ALSA device "default": Device or resource busy
ALSA lib pcm_dmix.c:1099:(snd_pcm_dmix_open) unable to open slave
Aug 15 01:03 : exception: Failed to open "Alsa" [alsa]
Aug 15 01:03 : exception: nested: Failed to open ALSA device "default": Device or resource busy
ALSA lib pcm_dmix.c:1099:(snd_pcm_dmix_open) unable to open slave
Aug 15 01:04 : exception: Failed to open "Alsa" [alsa]
Aug 15 01:04 : exception: nested: Failed to open ALSA device "default": Device or resource busy
ALSA lib pcm_dmix.c:1099:(snd_pcm_dmix_open) unable to open slave
Aug 15 01:04 : exception: Failed to open "Alsa" [alsa]
Aug 15 01:04 : exception: nested: Failed to open ALSA device "default": Device or resource busy
Aug 15 01:04 : client: [3] closed
Aug 15 01:04 : client: [4] opened from [::1]:46978
ALSA lib pcm_dmix.c:1099:(snd_pcm_dmix_open) unable to open slave
Aug 15 01:04 : exception: Failed to open "Alsa" [alsa]
Aug 15 01:04 : exception: nested: Failed to open ALSA device "default": Device or resource busy
ALSA lib pcm_dmix.c:1099:(snd_pcm_dmix_open) unable to open slave
Aug 15 01:04 : exception: Failed to open "Alsa" [alsa]
Aug 15 01:04 : exception: nested: Failed to open ALSA device "default": Device or resource busy
Aug 15 01:04 : client: [4] closed
Aug 15 01:04 : client: [5] opened from [::1]:46980
ALSA lib pcm_dmix.c:1099:(snd_pcm_dmix_open) unable to open slave
Aug 15 01:04 : exception: Failed to open "Alsa" [alsa]
Aug 15 01:04 : exception: nested: Failed to open ALSA device "default": Device or resource busy
ALSA lib pcm_dmix.c:1099:(snd_pcm_dmix_open) unable to open slave
Aug 15 01:04 : exception: Failed to open "Alsa" [alsa]
Aug 15 01:04 : exception: nested: Failed to open ALSA device "default": Device or resource busy
Aug 15 02:47 : exception: Failed to open /home/booterror/.mpd/playlists: No such file or directory
ALSA lib pcm_dmix.c:1099:(snd_pcm_dmix_open) unable to open slave
Aug 15 03:04 : exception: Failed to open "Alsa" [alsa]
Aug 15 03:04 : exception: nested: Failed to open ALSA device "default": Device or resource busy
ALSA lib pcm_dmix.c:1099:(snd_pcm_dmix_open) unable to open slave
Aug 15 03:04 : exception: Failed to open "Alsa" [alsa]
Aug 15 03:04 : exception: nested: Failed to open ALSA device "default": Device or resource busy
ALSA lib pcm_dmix.c:1099:(snd_pcm_dmix_open) unable to open slave
Aug 15 03:04 : exception: Failed to open "Alsa" [alsa]
Aug 15 03:04 : exception: nested: Failed to open ALSA device "default": Device or resource busy
ALSA lib pcm_dmix.c:1099:(snd_pcm_dmix_open) unable to open slave
Aug 15 03:04 : exception: Failed to open "Alsa" [alsa]
Aug 15 03:04 : exception: nested: Failed to open ALSA device "default": Device or resource busy
ALSA lib pcm_dmix.c:1099:(snd_pcm_dmix_open) unable to open slave
Aug 15 03:04 : exception: Failed to open "Alsa" [alsa]
Aug 15 03:04 : exception: nested: Failed to open ALSA device "default": Device or resource busy
ALSA lib pcm_dmix.c:1099:(snd_pcm_dmix_open) unable to open slave
Aug 15 03:04 : exception: Failed to open "Alsa" [alsa]
Aug 15 03:04 : exception: nested: Failed to open ALSA device "default": Device or resource busy
ALSA lib pcm_dmix.c:1099:(snd_pcm_dmix_open) unable to open slave
Aug 15 03:04 : exception: Failed to open "Alsa" [alsa]
Aug 15 03:04 : exception: nested: Failed to open ALSA device "default": Device or resource busy
ALSA lib pcm_dmix.c:1099:(snd_pcm_dmix_open) unable to open slave
Aug 15 03:05 : exception: Failed to open "Alsa" [alsa]
Aug 15 03:05 : exception: nested: Failed to open ALSA device "default": Device or resource busy
ALSA lib pcm_dmix.c:1099:(snd_pcm_dmix_open) unable to open slave
Aug 15 03:05 : exception: Failed to open "Alsa" [alsa]
Aug 15 03:05 : exception: nested: Failed to open ALSA device "default": Device or resource busy
ALSA lib pcm_dmix.c:1099:(snd_pcm_dmix_open) unable to open slave
Aug 15 03:05 : exception: Failed to open "Alsa" [alsa]
Aug 15 03:05 : exception: nested: Failed to open ALSA device "default": Device or resource busy
ALSA lib pcm_dmix.c:1099:(snd_pcm_dmix_open) unable to open slave
Aug 15 03:05 : exception: Failed to open "Alsa" [alsa]
Aug 15 03:05 : exception: nested: Failed to open ALSA device "default": Device or resource busy
ALSA lib pcm_dmix.c:1099:(snd_pcm_dmix_open) unable to open slave
Aug 15 03:05 : exception: Failed to open "Alsa" [alsa]
Aug 15 03:05 : exception: nested: Failed to open ALSA device "default": Device or resource busy
Aug 15 03:05 : client: [5] closed
Aug 15 03:05 : client: [6] opened from [::1]:47806
Aug 15 03:09 : player: played "postmalone_bestoff/Post Malone - Psycho ft. Ty Dolla $ign - (237s) [NA].mp3"
ALSA lib pcm_dmix.c:1099:(snd_pcm_dmix_open) unable to open slave
Aug 15 03:09 : exception: Failed to open "Alsa" [alsa]
Aug 15 03:09 : exception: nested: Failed to open ALSA device "default": Device or resource busy
Aug 15 03:09 : exception: Failed to open /home/booterror/.mpd/playlists: No such file or directory
ALSA lib pcm_dmix.c:1099:(snd_pcm_dmix_open) unable to open slave
Aug 15 03:10 : exception: Failed to open "Alsa" [alsa]
Aug 15 03:10 : exception: nested: Failed to open ALSA device "default": Device or resource busy
ALSA lib pcm_dmix.c:1099:(snd_pcm_dmix_open) unable to open slave
Aug 15 03:10 : exception: Failed to open "Alsa" [alsa]
Aug 15 03:10 : exception: nested: Failed to open ALSA device "default": Device or resource busy
ALSA lib pcm_dmix.c:1099:(snd_pcm_dmix_open) unable to open slave
Aug 15 03:10 : exception: Failed to open "Alsa" [alsa]
Aug 15 03:10 : exception: nested: Failed to open ALSA device "default": Device or resource busy
ALSA lib pcm_dmix.c:1099:(snd_pcm_dmix_open) unable to open slave
Aug 15 03:10 : exception: Failed to open "Alsa" [alsa]
Aug 15 03:10 : exception: nested: Failed to open ALSA device "default": Device or resource busy
ALSA lib pcm_dmix.c:1099:(snd_pcm_dmix_open) unable to open slave
Aug 15 03:10 : exception: Failed to open "Alsa" [alsa]
Aug 15 03:10 : exception: nested: Failed to open ALSA device "default": Device or resource busy
ALSA lib pcm_dmix.c:1099:(snd_pcm_dmix_open) unable to open slave
Aug 15 03:10 : exception: Failed to open "Alsa" [alsa]
Aug 15 03:10 : exception: nested: Failed to open ALSA device "default": Device or resource busy
ALSA lib pcm_dmix.c:1099:(snd_pcm_dmix_open) unable to open slave
Aug 15 03:10 : exception: Failed to open "Alsa" [alsa]
Aug 15 03:10 : exception: nested: Failed to open ALSA device "default": Device or resource busy
ALSA lib pcm_dmix.c:1099:(snd_pcm_dmix_open) unable to open slave
Aug 15 03:10 : exception: Failed to open "Alsa" [alsa]
Aug 15 03:10 : exception: nested: Failed to open ALSA device "default": Device or resource busy
ALSA lib pcm_dmix.c:1099:(snd_pcm_dmix_open) unable to open slave
Aug 15 03:10 : exception: Failed to open "Alsa" [alsa]
Aug 15 03:10 : exception: nested: Failed to open ALSA device "default": Device or resource busy
ALSA lib pcm_dmix.c:1099:(snd_pcm_dmix_open) unable to open slave
Aug 15 03:10 : exception: Failed to open "Alsa" [alsa]
Aug 15 03:10 : exception: nested: Failed to open ALSA device "default": Device or resource busy
ALSA lib pcm_dmix.c:1099:(snd_pcm_dmix_open) unable to open slave
Aug 15 03:10 : exception: Failed to open "Alsa" [alsa]
Aug 15 03:10 : exception: nested: Failed to open ALSA device "default": Device or resource busy
ALSA lib pcm_dmix.c:1099:(snd_pcm_dmix_open) unable to open slave
Aug 15 03:10 : exception: Failed to open "Alsa" [alsa]
Aug 15 03:10 : exception: nested: Failed to open ALSA device "default": Device or resource busy
ALSA lib pcm_dmix.c:1099:(snd_pcm_dmix_open) unable to open slave
Aug 15 03:10 : exception: Failed to open "Alsa" [alsa]
Aug 15 03:10 : exception: nested: Failed to open ALSA device "default": Device or resource busy
ALSA lib pcm_dmix.c:1099:(snd_pcm_dmix_open) unable to open slave
Aug 15 03:10 : exception: Failed to open "Alsa" [alsa]
Aug 15 03:10 : exception: nested: Failed to open ALSA device "default": Device or resource busy
ALSA lib pcm_dmix.c:1099:(snd_pcm_dmix_open) unable to open slave
Aug 15 03:10 : exception: Failed to open "Alsa" [alsa]
Aug 15 03:10 : exception: nested: Failed to open ALSA device "default": Device or resource busy
ALSA lib pcm_dmix.c:1099:(snd_pcm_dmix_open) unable to open slave
Aug 15 03:10 : exception: Failed to open "Alsa" [alsa]
Aug 15 03:10 : exception: nested: Failed to open ALSA device "default": Device or resource busy
ALSA lib pcm_dmix.c:1099:(snd_pcm_dmix_open) unable to open slave
Aug 15 03:10 : exception: Failed to open "Alsa" [alsa]
Aug 15 03:10 : exception: nested: Failed to open ALSA device "default": Device or resource busy
ALSA lib pcm_dmix.c:1099:(snd_pcm_dmix_open) unable to open slave
Aug 15 03:10 : exception: Failed to open "Alsa" [alsa]
Aug 15 03:10 : exception: nested: Failed to open ALSA device "default": Device or resource busy
ALSA lib pcm_dmix.c:1099:(snd_pcm_dmix_open) unable to open slave
Aug 15 03:10 : exception: Failed to open "Alsa" [alsa]
Aug 15 03:10 : exception: nested: Failed to open ALSA device "default": Device or resource busy
ALSA lib pcm_dmix.c:1099:(snd_pcm_dmix_open) unable to open slave
Aug 15 03:10 : exception: Failed to open "Alsa" [alsa]
Aug 15 03:10 : exception: nested: Failed to open ALSA device "default": Device or resource busy
ALSA lib pcm_dmix.c:1099:(snd_pcm_dmix_open) unable to open slave
Aug 15 03:10 : exception: Failed to open "Alsa" [alsa]
Aug 15 03:10 : exception: nested: Failed to open ALSA device "default": Device or resource busy
Aug 15 03:10 : client: [6] closed
Aug 15 14:19 : player: played "Billboard Hot 100 Singles Chart (03.03.2018) Mp3 (320kbps) [Hunter]/Billboard Hot 100 Singles Chart (03.03.2018)/07. Kendrick Lamar & SZA - All The Stars.mp3"
Aug 17 02:41 : exception: OutputThread could not get realtime scheduling, continuing anyway: sched_setscheduler failed: Operation not permitted
Aug 17 02:41 : exception: OutputThread could not get realtime scheduling, continuing anyway: sched_setscheduler failed: Operation not permitted
Aug 17 02:41 : exception: bind to '0.0.0.0:8000' failed (continuing anyway, because binding to '[::]:8000' succeeded): Failed to bind socket: Address already in use
Aug 17 02:41 : client: [0] opened from 127.0.0.1:60610
Aug 17 02:41 : exception: Failed to read mixer for 'Alsa': no such mixer control: PCM
                                                                                                                                                                                              Aug 22 12:31 : exception: OutputThread could not get realtime scheduling, continuing anyway: sched_setscheduler failed: Operation not permitted
Aug 22 12:31 : exception: OutputThread could not get realtime scheduling, continuing anyway: sched_setscheduler failed: Operation not permitted
Aug 22 12:31 : exception: bind to '0.0.0.0:8000' failed (continuing anyway, because binding to '[::]:8000' succeeded): Failed to bind socket: Address already in use
Aug 22 12:31 : client: [0] opened from 127.0.0.1:38734
Aug 22 12:31 : exception: Failed to read mixer for 'Alsa': no such mixer control: PCM
Aug 27 11:59 : exception: OutputThread could not get realtime scheduling, continuing anyway: sched_setscheduler failed: Operation not permitted
Aug 27 11:59 : exception: OutputThread could not get realtime scheduling, continuing anyway: sched_setscheduler failed: Operation not permitted
Aug 27 11:59 : exception: bind to '0.0.0.0:8000' failed (continuing anyway, because binding to '[::]:8000' succeeded): Failed to bind socket: Address already in use
Aug 27 11:59 : client: [0] opened from 127.0.0.1:58266
Aug 27 11:59 : exception: Failed to read mixer for 'Alsa': no such mixer control: PCM
Aug 28 14:43 : exception: OutputThread could not get realtime scheduling, continuing anyway: sched_setscheduler failed: Operation not permitted
Aug 28 14:43 : exception: OutputThread could not get realtime scheduling, continuing anyway: sched_setscheduler failed: Operation not permitted
Aug 28 14:43 : exception: bind to '0.0.0.0:8000' failed (continuing anyway, because binding to '[::]:8000' succeeded): Failed to bind socket: Address already in use
Aug 28 14:43 : client: [0] opened from 127.0.0.1:53886
Aug 28 14:43 : exception: Failed to read mixer for 'Alsa': no such mixer control: PCM
Aug 31 02:03 : client: [1] opened from [::1]:40448
Aug 31 02:03 : client: [1] closed
Aug 31 02:03 : client: [2] opened from [::1]:40450
Aug 31 02:03 : client: [2] closed
Sep 02 15:57 : exception: OutputThread could not get realtime scheduling, continuing anyway: sched_setscheduler failed: Operation not permitted
Sep 02 15:57 : exception: OutputThread could not get realtime scheduling, continuing anyway: sched_setscheduler failed: Operation not permitted
Sep 02 15:57 : exception: bind to '0.0.0.0:8000' failed (continuing anyway, because binding to '[::]:8000' succeeded): Failed to bind socket: Address already in use
Sep 02 15:57 : client: [0] opened from 127.0.0.1:56546
Sep 02 15:57 : exception: Failed to read mixer for 'Alsa': no such mixer control: PCM
Sep 02 20:21 : client: [1] opened from [::1]:47576
Sep 02 20:21 : exception: Failed to open /home/booterror/.mpd/playlists: No such file or directory
Sep 02 20:21 : exception: OutputThread could not get realtime scheduling, continuing anyway: sched_setscheduler failed: Operation not permitted
Sep 02 20:22 : player: played "juice_WRLD/Juice WRLD - Lean With Me (Official Audio) - (176s) [NA].mp3"
Sep 02 20:22 : exception: Failed to open /home/booterror/.mpd/playlists: No such file or directory
Sep 02 20:22 : exception: Failed to open /home/booterror/.mpd/playlists: No such file or directory
Sep 02 20:22 : exception: Failed to open /home/booterror/.mpd/playlists: No such file or directory
Sep 02 20:22 : exception: Failed to open /home/booterror/.mpd/playlists: No such file or directory
Sep 02 20:22 : exception: Failed to open /home/booterror/.mpd/playlists: No such file or directory
Sep 02 20:22 : exception: Failed to open /home/booterror/.mpd/playlists: No such file or directory
Sep 02 20:22 : exception: Failed to open /home/booterror/.mpd/playlists: No such file or directory
Sep 02 20:22 : exception: Failed to open /home/booterror/.mpd/playlists: No such file or directory
Sep 02 20:22 : exception: Failed to open /home/booterror/.mpd/playlists: No such file or directory
Sep 02 20:22 : exception: Failed to open /home/booterror/.mpd/playlists: No such file or directory
Sep 02 20:22 : exception: Failed to open /home/booterror/.mpd/playlists: No such file or directory
Sep 02 20:22 : exception: Failed to open /home/booterror/.mpd/playlists: No such file or directory
Sep 02 20:22 : exception: Failed to open /home/booterror/.mpd/playlists: No such file or directory
Sep 02 20:22 : exception: Failed to open /home/booterror/.mpd/playlists: No such file or directory
Sep 02 20:22 : exception: Failed to open /home/booterror/.mpd/playlists: No such file or directory
Sep 02 20:22 : exception: Failed to open /home/booterror/.mpd/playlists: No such file or directory
Sep 02 20:22 : exception: Failed to open /home/booterror/.mpd/playlists: No such file or directory
Sep 02 20:22 : exception: Failed to open /home/booterror/.mpd/playlists: No such file or directory
Sep 02 20:22 : exception: Failed to open /home/booterror/.mpd/playlists: No such file or directory
Sep 02 20:22 : exception: Failed to open /home/booterror/.mpd/playlists: No such file or directory
Sep 02 20:22 : exception: Failed to open /home/booterror/.mpd/playlists: No such file or directory
Sep 02 20:22 : exception: Failed to open /home/booterror/.mpd/playlists: No such file or directory
Sep 02 20:22 : exception: Failed to open /home/booterror/.mpd/playlists: No such file or directory
Sep 02 20:22 : exception: Failed to open /home/booterror/.mpd/playlists: No such file or directory
Sep 02 20:22 : exception: Failed to open /home/booterror/.mpd/playlists: No such file or directory
Sep 02 20:22 : exception: Failed to open /home/booterror/.mpd/playlists: No such file or directory
Sep 02 20:22 : exception: Failed to open /home/booterror/.mpd/playlists: No such file or directory
Sep 02 20:22 : exception: Failed to open /home/booterror/.mpd/playlists: No such file or directory
Sep 02 20:22 : exception: Failed to open /home/booterror/.mpd/playlists: No such file or directory
Sep 02 20:22 : exception: Failed to open /home/booterror/.mpd/playlists: No such file or directory
Sep 02 20:22 : exception: Failed to open /home/booterror/.mpd/playlists: No such file or directory
Sep 02 20:22 : exception: Failed to open /home/booterror/.mpd/playlists: No such file or directory
Sep 02 20:22 : exception: Failed to open /home/booterror/.mpd/playlists: No such file or directory
Sep 02 20:22 : exception: Failed to open /home/booterror/.mpd/playlists: No such file or directory
Sep 02 20:22 : exception: Failed to open /home/booterror/.mpd/playlists: No such file or directory
Sep 02 20:22 : exception: Failed to open /home/booterror/.mpd/playlists: No such file or directory
Sep 02 20:22 : exception: Failed to open /home/booterror/.mpd/playlists: No such file or directory
Sep 02 20:22 : exception: Failed to open /home/booterror/.mpd/playlists: No such file or directory
Sep 02 20:22 : exception: Failed to open /home/booterror/.mpd/playlists: No such file or directory
Sep 02 20:22 : exception: Failed to open /home/booterror/.mpd/playlists: No such file or directory
Sep 02 20:22 : exception: Failed to open /home/booterror/.mpd/playlists: No such file or directory
Sep 02 20:22 : exception: Failed to open /home/booterror/.mpd/playlists: No such file or directory
Sep 02 20:22 : exception: Failed to open /home/booterror/.mpd/playlists: No such file or directory
Sep 02 20:22 : exception: Failed to open /home/booterror/.mpd/playlists: No such file or directory
Sep 02 20:22 : exception: Failed to open /home/booterror/.mpd/playlists: No such file or directory
Sep 02 20:22 : exception: Failed to open /home/booterror/.mpd/playlists: No such file or directory
Sep 02 20:22 : exception: Failed to open /home/booterror/.mpd/playlists: No such file or directory
Sep 02 20:22 : exception: Failed to open /home/booterror/.mpd/playlists: No such file or directory
Sep 02 20:22 : exception: Failed to open /home/booterror/.mpd/playlists: No such file or directory
Sep 02 20:22 : exception: Failed to open /home/booterror/.mpd/playlists: No such file or directory
Sep 02 20:22 : exception: Failed to open /home/booterror/.mpd/playlists: No such file or directory
Sep 02 20:22 : exception: Failed to open /home/booterror/.mpd/playlists: No such file or directory
Sep 02 20:22 : exception: Failed to open /home/booterror/.mpd/playlists: No such file or directory
Sep 02 20:22 : exception: Failed to open /home/booterror/.mpd/playlists: No such file or directory
Sep 02 20:22 : exception: Failed to open /home/booterror/.mpd/playlists: No such file or directory
Sep 02 20:22 : exception: Failed to open /home/booterror/.mpd/playlists: No such file or directory
Sep 02 20:22 : exception: Failed to open /home/booterror/.mpd/playlists: No such file or directory
Sep 02 20:22 : exception: Failed to open /home/booterror/.mpd/playlists: No such file or directory
Sep 02 20:22 : exception: Failed to open /home/booterror/.mpd/playlists: No such file or directory
Sep 02 20:22 : exception: Failed to open /home/booterror/.mpd/playlists: No such file or directory
Sep 02 20:22 : exception: Failed to open /home/booterror/.mpd/playlists: No such file or directory
Sep 02 20:22 : exception: Failed to open /home/booterror/.mpd/playlists: No such file or directory
Sep 02 20:22 : exception: Failed to open /home/booterror/.mpd/playlists: No such file or directory
Sep 02 20:22 : exception: Failed to open /home/booterror/.mpd/playlists: No such file or directory
Sep 02 20:22 : exception: Failed to open /home/booterror/.mpd/playlists: No such file or directory
Sep 02 20:22 : exception: Failed to open /home/booterror/.mpd/playlists: No such file or directory
Sep 02 20:22 : exception: Failed to open /home/booterror/.mpd/playlists: No such file or directory
Sep 02 20:22 : exception: Failed to open /home/booterror/.mpd/playlists: No such file or directory
Sep 02 20:22 : exception: Failed to open /home/booterror/.mpd/playlists: No such file or directory
Sep 02 20:22 : exception: Failed to open /home/booterror/.mpd/playlists: No such file or directory
Sep 02 20:22 : exception: Failed to open /home/booterror/.mpd/playlists: No such file or directory
Sep 02 20:22 : exception: Failed to open /home/booterror/.mpd/playlists: No such file or directory
Sep 02 20:22 : exception: Failed to open /home/booterror/.mpd/playlists: No such file or directory
Sep 02 20:22 : exception: Failed to open /home/booterror/.mpd/playlists: No such file or directory
Sep 02 20:22 : exception: Failed to open /home/booterror/.mpd/playlists: No such file or directory
Sep 02 20:22 : exception: Failed to open /home/booterror/.mpd/playlists: No such file or directory
Sep 02 20:22 : exception: Failed to open /home/booterror/.mpd/playlists: No such file or directory
Sep 02 20:22 : exception: Failed to open /home/booterror/.mpd/playlists: No such file or directory
Sep 02 20:22 : exception: Failed to open /home/booterror/.mpd/playlists: No such file or directory
Sep 02 20:22 : exception: Failed to open /home/booterror/.mpd/playlists: No such file or directory
Sep 02 20:22 : exception: Failed to open /home/booterror/.mpd/playlists: No such file or directory
Sep 02 20:22 : client: [1] closed
Sep 02 20:23 : client: [2] opened from [::1]:47602
Sep 02 20:23 : client: [2] closed
Sep 02 20:23 : client: [3] opened from [::1]:47604
Sep 02 20:23 : client: [3] closed
Sep 02 20:23 : client: [4] opened from [::1]:47606
Sep 02 20:23 : client: [4] closed
Sep 02 20:42 : client: [5] opened from [::1]:47792
Sep 02 20:42 : client: [5] closed
Sep 02 20:43 : player: played "juice_WRLD/Juice WRLD - Lean With Me (Official Audio) - (176s) [NA].mp3"
Sep 02 20:46 : player: played "juice_WRLD/Juice WRLD - Lean With Me (Official Audio) - (176s) [NA].mp3"
Sep 02 20:49 : client: [6] opened from [::1]:47828
Sep 02 20:49 : client: [6] closed
Sep 02 21:54 : exception: OutputThread could not get realtime scheduling, continuing anyway: sched_setscheduler failed: Operation not permitted
Sep 02 21:54 : exception: OutputThread could not get realtime scheduling, continuing anyway: sched_setscheduler failed: Operation not permitted
Sep 02 21:54 : exception: bind to '0.0.0.0:8000' failed (continuing anyway, because binding to '[::]:8000' succeeded): Failed to bind socket: Address already in use
Sep 02 21:54 : client: [0] opened from 127.0.0.1:41702
Sep 02 21:54 : exception: Failed to read mixer for 'Alsa': no such mixer control: PCM
Sep 03 02:42 : exception: OutputThread could not get realtime scheduling, continuing anyway: sched_setscheduler failed: Operation not permitted
Sep 03 02:42 : exception: OutputThread could not get realtime scheduling, continuing anyway: sched_setscheduler failed: Operation not permitted
Sep 03 02:42 : exception: bind to '0.0.0.0:8000' failed (continuing anyway, because binding to '[::]:8000' succeeded): Failed to bind socket: Address already in use
Sep 03 02:42 : client: [0] opened from 127.0.0.1:47956
Sep 03 02:42 : exception: Failed to read mixer for 'Alsa': no such mixer control: PCM
Sep 03 02:45 : avahi: Client Disconnected, will reconnect shortly
Sep 03 02:45 : avahi: Could not reconnect: An unexpected D-Bus error occurred
Sep 03 02:45 : player: played "juice_WRLD/Juice WRLD - Lean With Me (Official Audio) - (176s) [NA].mp3"
Sep 03 14:27 : exception: OutputThread could not get realtime scheduling, continuing anyway: sched_setscheduler failed: Operation not permitted
Sep 03 14:27 : exception: OutputThread could not get realtime scheduling, continuing anyway: sched_setscheduler failed: Operation not permitted
Sep 03 14:27 : exception: bind to '0.0.0.0:8000' failed (continuing anyway, because binding to '[::]:8000' succeeded): Failed to bind socket: Address already in use
Sep 03 14:27 : client: [0] opened from 127.0.0.1:58236
Sep 03 14:27 : exception: Failed to read mixer for 'Alsa': no such mixer control: PCM
Sep 04 23:25 : player: played "juice_WRLD/Juice WRLD - Lean With Me (Official Audio) - (176s) [NA].mp3"
Sep 04 23:31 : exception: OutputThread could not get realtime scheduling, continuing anyway: sched_setscheduler failed: Operation not permitted
Sep 04 23:31 : exception: OutputThread could not get realtime scheduling, continuing anyway: sched_setscheduler failed: Operation not permitted
Sep 04 23:31 : exception: bind to '0.0.0.0:8000' failed (continuing anyway, because binding to '[::]:8000' succeeded): Failed to bind socket: Address already in use
Sep 04 23:31 : client: [0] opened from 127.0.0.1:55776
Sep 04 23:31 : exception: Failed to read mixer for 'Alsa': no such mixer control: PCM
Sep 05 01:36 : client: [0] closed
Sep 05 01:39 : player: played "juice_WRLD/Juice WRLD - Lean With Me (Official Audio) - (176s) [NA].mp3"
Sep 05 01:41 : exception: OutputThread could not get realtime scheduling, continuing anyway: sched_setscheduler failed: Operation not permitted
Sep 05 01:41 : exception: OutputThread could not get realtime scheduling, continuing anyway: sched_setscheduler failed: Operation not permitted
Sep 05 01:41 : exception: bind to '0.0.0.0:8000' failed (continuing anyway, because binding to '[::]:8000' succeeded): Failed to bind socket: Address already in use
Sep 05 02:39 : player: played "juice_WRLD/Juice WRLD - Lean With Me (Official Audio) - (176s) [NA].mp3"
Sep 05 15:49 : exception: OutputThread could not get realtime scheduling, continuing anyway: sched_setscheduler failed: Operation not permitted
Sep 05 15:49 : exception: OutputThread could not get realtime scheduling, continuing anyway: sched_setscheduler failed: Operation not permitted
Sep 05 15:49 : exception: bind to '0.0.0.0:8000' failed (continuing anyway, because binding to '[::]:8000' succeeded): Failed to bind socket: Address already in use
Sep 07 00:28 : player: played "juice_WRLD/Juice WRLD - Lean With Me (Official Audio) - (176s) [NA].mp3"
